<?xml version="1.0" encoding="UTF-8"?>
<!-- Generated by org.testng.reporters.JUnitXMLReporter -->
<testsuite hostname="Reenus-MBP" name="RegistrationTests" tests="4" failures="2" timestamp="5 Nov 2017 12:43:21 GMT" time="267.108" errors="0">
  <testcase name="VerifyRegistraion" time="5.221" classname="com.Srihari.MavenFrameWork.LoginPage.RegWithOrganisationName">
    <failure type="org.openqa.selenium.WebDriverException" message="Element is not clickable at point (1639.566650390625, 27.5). Other element would receive the click: &amp;lt;div style=&amp;quot;height: 900px;&amp;quot; class=&amp;quot;modal-backdrop fade in&amp;quot;&amp;gt;&amp;lt;/div&amp;gt;
Command duration or timeout: 3.56 seconds
Build info: version: &amp;apos;2.53.1&amp;apos;, revision: &amp;apos;a36b8b1&amp;apos;, time: &amp;apos;2016-06-30 17:37:03&amp;apos;
System info: host: &amp;apos;Reenus-MBP&amp;apos;, ip: &amp;apos;192.168.1.11&amp;apos;, os.name: &amp;apos;Mac OS X&amp;apos;, os.arch: &amp;apos;x86_64&amp;apos;, os.version: &amp;apos;10.12&amp;apos;, java.version: &amp;apos;1.8.0_131&amp;apos;
Driver info: org.openqa.selenium.firefox.FirefoxDriver
Capabilities [{applicationCacheEnabled=true, rotatable=false, handlesAlerts=true, databaseEnabled=true, version=45.0.1, platform=MAC, nativeEvents=false, acceptSslCerts=true, webStorageEnabled=true, locationContextEnabled=true, browserName=firefox, takesScreenshot=true, javascriptEnabled=true, cssSelectorsEnabled=true}]
Session ID: c04bd151-227e-354e-a13d-2502bd0d3ba6">
      <![CDATA[org.openqa.selenium.WebDriverException: Element is not clickable at point (1639.566650390625, 27.5). Other element would receive the click: <div style="height: 900px;" class="modal-backdrop fade in"></div>
Command duration or timeout: 3.56 seconds
Build info: version: '2.53.1', revision: 'a36b8b1', time: '2016-06-30 17:37:03'
System info: host: 'Reenus-MBP', ip: '192.168.1.11', os.name: 'Mac OS X', os.arch: 'x86_64', os.version: '10.12', java.version: '1.8.0_131'
Driver info: org.openqa.selenium.firefox.FirefoxDriver
Capabilities [{applicationCacheEnabled=true, rotatable=false, handlesAlerts=true, databaseEnabled=true, version=45.0.1, platform=MAC, nativeEvents=false, acceptSslCerts=true, webStorageEnabled=true, locationContextEnabled=true, browserName=firefox, takesScreenshot=true, javascriptEnabled=true, cssSelectorsEnabled=true}]
Session ID: c04bd151-227e-354e-a13d-2502bd0d3ba6
	at org.openqa.selenium.remote.ErrorHandler.createThrowable(ErrorHandler.java:206)
	at org.openqa.selenium.remote.ErrorHandler.throwIfResponseFailed(ErrorHandler.java:158)
	at org.openqa.selenium.remote.RemoteWebDriver.execute(RemoteWebDriver.java:678)
	at org.openqa.selenium.remote.RemoteWebElement.execute(RemoteWebElement.java:327)
	at org.openqa.selenium.remote.RemoteWebElement.click(RemoteWebElement.java:85)
	at org.openqa.selenium.support.pagefactory.internal.LocatingElementHandler.invoke(LocatingElementHandler.java:51)
	at com.sun.proxy.$Proxy7.click(Unknown Source)
	at com.Srihari.MavenFrameWork.uiActions.HomePage.RegisterApplication(HomePage.java:172)
	at com.Srihari.MavenFrameWork.LoginPage.RegWithOrganisationName.VerifyRegistraion(RegWithOrganisationName.java:23)
	at java.util.concurrent.ThreadPoolExecutor.runWorker(ThreadPoolExecutor.java:1142)
	at java.util.concurrent.ThreadPoolExecutor$Worker.run(ThreadPoolExecutor.java:617)
	at java.lang.Thread.run(Thread.java:748)
... Removed 18 stack frames]]>
    </failure>
  </testcase> <!-- VerifyRegistraion -->
  <testcase name="VerifyRegisterButton" time="5.22" classname="com.Srihari.MavenFrameWork.LoginPage.PresentRegisterButton">
    <failure type="org.openqa.selenium.WebDriverException" message="Element is not clickable at point (1639.566650390625, 27.5). Other element would receive the click: &amp;lt;div style=&amp;quot;height: 900px;&amp;quot; class=&amp;quot;modal-backdrop fade in&amp;quot;&amp;gt;&amp;lt;/div&amp;gt;
Command duration or timeout: 3.61 seconds
Build info: version: &amp;apos;2.53.1&amp;apos;, revision: &amp;apos;a36b8b1&amp;apos;, time: &amp;apos;2016-06-30 17:37:03&amp;apos;
System info: host: &amp;apos;Reenus-MBP&amp;apos;, ip: &amp;apos;192.168.1.11&amp;apos;, os.name: &amp;apos;Mac OS X&amp;apos;, os.arch: &amp;apos;x86_64&amp;apos;, os.version: &amp;apos;10.12&amp;apos;, java.version: &amp;apos;1.8.0_131&amp;apos;
Driver info: org.openqa.selenium.firefox.FirefoxDriver
Capabilities [{applicationCacheEnabled=true, rotatable=false, handlesAlerts=true, databaseEnabled=true, version=45.0.1, platform=MAC, nativeEvents=false, acceptSslCerts=true, webStorageEnabled=true, locationContextEnabled=true, browserName=firefox, takesScreenshot=true, javascriptEnabled=true, cssSelectorsEnabled=true}]
Session ID: c04bd151-227e-354e-a13d-2502bd0d3ba6">
      <![CDATA[org.openqa.selenium.WebDriverException: Element is not clickable at point (1639.566650390625, 27.5). Other element would receive the click: <div style="height: 900px;" class="modal-backdrop fade in"></div>
Command duration or timeout: 3.61 seconds
Build info: version: '2.53.1', revision: 'a36b8b1', time: '2016-06-30 17:37:03'
System info: host: 'Reenus-MBP', ip: '192.168.1.11', os.name: 'Mac OS X', os.arch: 'x86_64', os.version: '10.12', java.version: '1.8.0_131'
Driver info: org.openqa.selenium.firefox.FirefoxDriver
Capabilities [{applicationCacheEnabled=true, rotatable=false, handlesAlerts=true, databaseEnabled=true, version=45.0.1, platform=MAC, nativeEvents=false, acceptSslCerts=true, webStorageEnabled=true, locationContextEnabled=true, browserName=firefox, takesScreenshot=true, javascriptEnabled=true, cssSelectorsEnabled=true}]
Session ID: c04bd151-227e-354e-a13d-2502bd0d3ba6
	at org.openqa.selenium.remote.ErrorHandler.createThrowable(ErrorHandler.java:206)
	at org.openqa.selenium.remote.ErrorHandler.throwIfResponseFailed(ErrorHandler.java:158)
	at org.openqa.selenium.remote.RemoteWebDriver.execute(RemoteWebDriver.java:678)
	at org.openqa.selenium.remote.RemoteWebElement.execute(RemoteWebElement.java:327)
	at org.openqa.selenium.remote.RemoteWebElement.click(RemoteWebElement.java:85)
	at org.openqa.selenium.support.pagefactory.internal.LocatingElementHandler.invoke(LocatingElementHandler.java:51)
	at com.sun.proxy.$Proxy7.click(Unknown Source)
	at com.Srihari.MavenFrameWork.uiActions.HomePage.RegisterButton(HomePage.java:411)
	at com.Srihari.MavenFrameWork.LoginPage.PresentRegisterButton.VerifyRegisterButton(PresentRegisterButton.java:21)
	at java.util.concurrent.ThreadPoolExecutor.runWorker(ThreadPoolExecutor.java:1142)
	at java.util.concurrent.ThreadPoolExecutor$Worker.run(ThreadPoolExecutor.java:617)
	at java.lang.Thread.run(Thread.java:748)
... Removed 18 stack frames]]>
    </failure>
  </testcase> <!-- VerifyRegisterButton -->
  <testcase name="VerifyRegisterButton" time="8.51" classname="com.Srihari.MavenFrameWork.LoginPage.RegistrationFourmValidations"/>
  <testcase name="EmailValidation" time="133.751" classname="com.Srihari.MavenFrameWork.LoginPage.RegistrationFourmValidations"/>
</testsuite> <!-- RegistrationTests -->
